e:\new engine\vandaengine\win32\vandaengine1\release\vandaengine1win32.pch
e:\new engine\vandaengine\win32\vandaengine1\release\vc120.pdb
e:\new engine\vandaengine\win32\vandaengine1\release\stdafx.obj
e:\new engine\vandaengine\win32\vandaengine1\release\lightmodel.obj
e:\new engine\vandaengine\win32\vandaengine1\release\light.obj
e:\new engine\vandaengine\win32\vandaengine1\release\input.obj
e:\new engine\vandaengine\win32\vandaengine1\release\image.obj
e:\new engine\vandaengine\win32\vandaengine1\release\geometry.obj
e:\new engine\vandaengine\win32\vandaengine1\release\fog.obj
e:\new engine\vandaengine\win32\vandaengine1\release\effect.obj
e:\new engine\vandaengine\win32\vandaengine1\release\dxtctool.obj
e:\new engine\vandaengine\win32\vandaengine1\release\dof.obj
e:\new engine\vandaengine\win32\vandaengine1\release\decomposematrix.obj
e:\new engine\vandaengine\win32\vandaengine1\release\dds.obj
e:\new engine\vandaengine\win32\vandaengine1\release\camera.obj
e:\new engine\vandaengine\win32\vandaengine1\release\bloom.obj
e:\new engine\vandaengine\win32\vandaengine1\release\base.obj
e:\new engine\vandaengine\win32\vandaengine1\release\avi.obj
e:\new engine\vandaengine\win32\vandaengine1\release\animation.obj
e:\new engine\vandaengine\win32\vandaengine1\release\ambientsound.obj
e:\new engine\vandaengine\win32\vandaengine1\release\actionsapi.obj
e:\new engine\vandaengine\win32\vandaengine1\release\actions.obj
e:\new engine\vandaengine\win32\vandaengine1\release\prefab.obj
e:\new engine\vandaengine\win32\vandaengine1\release\nxu_physicsinstantiator.obj
e:\new engine\vandaengine\win32\vandaengine1\release\nxu_physicsexport.obj
e:\new engine\vandaengine\win32\vandaengine1\release\nxu_hull.obj
e:\new engine\vandaengine\win32\vandaengine1\release\nxu_helper.obj
e:\new engine\vandaengine\win32\vandaengine1\release\nxu_graphicsmesh.obj
e:\new engine\vandaengine\win32\vandaengine1\release\nxu_geometry.obj
e:\new engine\vandaengine\win32\vandaengine1\release\nxu_file.obj
e:\new engine\vandaengine\win32\vandaengine1\release\nxu_customcopy.obj
e:\new engine\vandaengine\win32\vandaengine1\release\nxu_cooking.obj
e:\new engine\vandaengine\win32\vandaengine1\release\nxu_colladaimport.obj
e:\new engine\vandaengine\win32\vandaengine1\release\nxu_colladaexport.obj
e:\new engine\vandaengine\win32\vandaengine1\release\nxu_asc2bin.obj
e:\new engine\vandaengine\win32\vandaengine1\release\nxdebugrenderer.obj
e:\new engine\vandaengine\win32\vandaengine1\release\nx.obj
e:\new engine\vandaengine\win32\vandaengine1\release\node.obj
e:\new engine\vandaengine\win32\vandaengine1\release\matrix.obj
e:\new engine\vandaengine\win32\vandaengine1\release\material.obj
e:\new engine\vandaengine\win32\vandaengine1\release\main.obj
e:\new engine\vandaengine\win32\vandaengine1\release\lod.obj
e:\new engine\vandaengine\win32\vandaengine1\release\trigger.obj
e:\new engine\vandaengine\win32\vandaengine1\release\pinternalstate.obj
e:\new engine\vandaengine\win32\vandaengine1\release\particlesystem.obj
e:\new engine\vandaengine\win32\vandaengine1\release\otherapi.obj
e:\new engine\vandaengine\win32\vandaengine1\release\orient.obj
e:\new engine\vandaengine\win32\vandaengine1\release\openglutility.obj
e:\new engine\vandaengine\win32\vandaengine1\release\openglmatrix.obj
e:\new engine\vandaengine\win32\vandaengine1\release\openglmaterial.obj
e:\new engine\vandaengine\win32\vandaengine1\release\openalsystem.obj
e:\new engine\vandaengine\win32\vandaengine1\release\openalsoundsource.obj
e:\new engine\vandaengine\win32\vandaengine1\release\openalsoundbuffer.obj
e:\new engine\vandaengine\win32\vandaengine1\release\octree.obj
e:\new engine\vandaengine\win32\vandaengine1\release\nxu_tinyxmlparser.obj
e:\new engine\vandaengine\win32\vandaengine1\release\nxu_tinyxmlerror.obj
e:\new engine\vandaengine\win32\vandaengine1\release\nxu_tinyxml.obj
e:\new engine\vandaengine\win32\vandaengine1\release\nxu_tinystr.obj
e:\new engine\vandaengine\win32\vandaengine1\release\nxu_string.obj
e:\new engine\vandaengine\win32\vandaengine1\release\nxu_streaming.obj
e:\new engine\vandaengine\win32\vandaengine1\release\nxu_schemastream.obj
e:\new engine\vandaengine\win32\vandaengine1\release\nxu_schema.obj
e:\new engine\vandaengine\win32\vandaengine1\release\nxu_scaledcopy.obj
e:\new engine\vandaengine\win32\vandaengine1\release\window.obj
e:\new engine\vandaengine\win32\vandaengine1\release\water.obj
e:\new engine\vandaengine\win32\vandaengine1\release\vector.obj
e:\new engine\vandaengine\win32\vandaengine1\release\vandaengine1win32.obj
e:\new engine\vandaengine\win32\vandaengine1\release\userallocator.obj
e:\new engine\vandaengine\win32\vandaengine1\release\transform.obj
e:\new engine\vandaengine\win32\vandaengine1\release\timer.obj
e:\new engine\vandaengine\win32\vandaengine1\release\texture.obj
e:\new engine\vandaengine\win32\vandaengine1\release\targa.obj
e:\new engine\vandaengine\win32\vandaengine1\release\stream.obj
e:\new engine\vandaengine\win32\vandaengine1\release\staticsound.obj
e:\new engine\vandaengine\win32\vandaengine1\release\sky.obj
e:\new engine\vandaengine\win32\vandaengine1\release\skin.obj
e:\new engine\vandaengine\win32\vandaengine1\release\simplefont.obj
e:\new engine\vandaengine\win32\vandaengine1\release\shadowmap.obj
e:\new engine\vandaengine\win32\vandaengine1\release\sceneread.obj
e:\new engine\vandaengine\win32\vandaengine1\release\scene.obj
e:\new engine\vandaengine\win32\vandaengine1\release\render.obj
e:\new engine\vandaengine\win32\vandaengine1\release\point.obj
e:\new engine\vandaengine\win32\release\vandaengine1win32.exe
e:\new engine\vandaengine\win32\release\vandaengine1win32.pdb
e:\new engine\vandaengine\win32\vandaengine1\release\vandaengine1.res
e:\new engine\vandaengine\win32\vandaengine1\release\vandaeng.5d83f989.tlog\cl.command.1.tlog
e:\new engine\vandaengine\win32\vandaengine1\release\vandaeng.5d83f989.tlog\cl.read.1.tlog
e:\new engine\vandaengine\win32\vandaengine1\release\vandaeng.5d83f989.tlog\cl.write.1.tlog
e:\new engine\vandaengine\win32\vandaengine1\release\vandaeng.5d83f989.tlog\link.command.1.tlog
e:\new engine\vandaengine\win32\vandaengine1\release\vandaeng.5d83f989.tlog\link.read.1.tlog
e:\new engine\vandaengine\win32\vandaengine1\release\vandaeng.5d83f989.tlog\link.write.1.tlog
e:\new engine\vandaengine\win32\vandaengine1\release\vandaeng.5d83f989.tlog\rc.command.1.tlog
e:\new engine\vandaengine\win32\vandaengine1\release\vandaeng.5d83f989.tlog\rc.read.1.tlog
e:\new engine\vandaengine\win32\vandaengine1\release\vandaeng.5d83f989.tlog\rc.write.1.tlog
